<?xml version="1.0" encoding="UTF-8"?>
<!-- Generated by org.testng.reporters.JUnitReportReporter -->
<testsuite hostname="DESKTOP-DEN76N0" failures="0" tests="1" name="XrayTest" time="1.481" errors="0" timestamp="2023-06-18T01:12:39 IST" skipped="0">
  <testcase classname="XrayTest" name="FirstTest" time="1.481"/>
  <system-out/>
</testsuite> <!-- XrayTest -->
