<?xml version="1.0" encoding="UTF-8"?>
<!-- Generated by org.testng.reporters.JUnitReportReporter -->
<testsuite hostname="DESKTOP-DEN76N0" failures="0" tests="1" name="XrayTest" time="0.835" errors="0" timestamp="2023-06-18T00:44:05 IST" skipped="0">
  <testcase classname="XrayTest" name="FirstTest" time="0.835"/>
  <system-out/>
</testsuite> <!-- XrayTest -->
